<?xml version="1.0" encoding="UTF-8"?>
<testng-results ignored="0" total="1" passed="1" failed="0" skipped="0">
  <reporter-output>
  </reporter-output>
  <suite started-at="2022-06-30T07:12:25 IST" name="Default suite" finished-at="2022-06-30T07:12:43 IST" duration-ms="17470">
    <groups>
    </groups>
    <test started-at="2022-06-30T07:12:25 IST" name="Default test" finished-at="2022-06-30T07:12:43 IST" duration-ms="17470">
      <class name="Listeners.TestNGListenersUsable">
        <test-method signature="launchOrangeHRM()[pri:0, instance:Listeners.TestNGListenersUsable@18df8434]" started-at="2022-06-30T07:12:26 IST" name="launchOrangeHRM" finished-at="2022-06-30T07:12:43 IST" duration-ms="17275" status="PASS">
          <reporter-output>
          </reporter-output>
        </test-method> <!-- launchOrangeHRM -->
        <test-method is-config="true" signature="closeBrowser()[pri:0, instance:Listeners.TestNGListenersUsable@18df8434]" started-at="2022-06-30T07:12:43 IST" name="closeBrowser" finished-at="2022-06-30T07:12:43 IST" duration-ms="392" status="PASS">
          <reporter-output>
          </reporter-output>
        </test-method> <!-- closeBrowser -->
      </class> <!-- Listeners.TestNGListenersUsable -->
    </test> <!-- Default test -->
  </suite> <!-- Default suite -->
</testng-results>
