<?xml version="1.0" encoding="UTF-8"?>
<!-- Generated by org.testng.reporters.JUnitXMLReporter -->
<testsuite ignored="0" hostname="LAPTOP-3BL16AQ1" failures="0" tests="3" name="Test" time="33.824" errors="0" timestamp="2022-06-30T06:46:30 IST">
  <testcase classname="ExtentReports.ExtentReportsExample" name="extentReportsDemo" time="8.594"/>
  <testcase classname="ExtentReports.ExtentReportsExample" name="launchOrangeHRM" time="3.844"/>
  <testcase classname="ExtentReports.ExtentReportsExample2" name="launchOrangeHRM" time="19.897"/>
</testsuite> <!-- Test -->
